<?xml version="1.0" encoding="UTF-8"?>
<!-- Generated by org.testng.reporters.JUnitReportReporter -->
<testsuite hostname="DESKTOP-DUQ488G" failures="0" tests="8" name="in.amazon.testscripts.TestRunner" time="68.699" errors="0" timestamp="2023-05-17T20:23:09 EDT" skipped="0">
  <testcase classname="in.amazon.testscripts.TestRunner" name="runScenario" time="6.508"/>
  <system-out/>
  <testcase classname="in.amazon.testscripts.TestRunner" name="runScenario" time="18.628"/>
  <system-out/>
  <testcase classname="in.amazon.testscripts.TestRunner" name="runScenario" time="7.550"/>
  <system-out/>
  <testcase classname="in.amazon.testscripts.TestRunner" name="runScenario" time="6.696"/>
  <system-out/>
  <testcase classname="in.amazon.testscripts.TestRunner" name="runScenario" time="6.722"/>
  <system-out/>
  <testcase classname="in.amazon.testscripts.TestRunner" name="runScenario" time="8.198"/>
  <system-out/>
  <testcase classname="in.amazon.testscripts.TestRunner" name="runScenario" time="6.853"/>
  <system-out/>
  <testcase classname="in.amazon.testscripts.TestRunner" name="runScenario" time="7.544"/>
  <system-out/>
</testsuite> <!-- in.amazon.testscripts.TestRunner -->
